<?xml version="1.0" encoding="UTF-8"?>
<!-- Generated by org.testng.reporters.JUnitXMLReporter -->
<testsuite ignored="2" hostname="QA-17" failures="0" tests="8" name="Test" time="18.996" errors="0" timestamp="2024-06-08T14:40:36 IST">
  <testcase classname="com.qa.luma.test.MainPageTest" name="homePageTitleTest" time="0.012"/>
  <testcase classname="com.qa.luma.test.MainPageTest" name="homePageLogoTest" time="0.022"/>
  <testcase classname="com.qa.luma.test.MainPageTest" name="homePageSignInLinkPresentTest" time="0.016"/>
  <testcase classname="com.qa.luma.test.MainPageTest" name="homePageCreateAccountLinkPresentTest" time="0.023"/>
  <testcase classname="com.qa.luma.test.CustomerLoginPageTest" name="CustomerLoginPageTitleTest" time="0.006"/>
  <testcase classname="com.qa.luma.test.CustomerLoginPageTest" name="CustomerLoginPageSubTitleTest" time="0.023"/>
  <testcase classname="com.qa.luma.test.CustomerLoginPageTest" name="ExistanceOfForgotPasswordLink" time="0.02"/>
  <testcase classname="com.qa.luma.test.CustomerLoginPageTest" name="CustomerLoginTest" time="8.182"/>
  <testcase classname="com.qa.luma.base.BaseTest" name="@BeforeTest setUp" time="0.0">
    <ignored/>
  </testcase> <!-- @BeforeTest setUp -->
  <testcase classname="com.qa.luma.base.BaseTest" name="@AfterTest tearDown" time="0.0">
    <ignored/>
  </testcase> <!-- @AfterTest tearDown -->
</testsuite> <!-- Test -->
