<?xml version="1.0" encoding="UTF-8"?>
<!-- Generated by org.testng.reporters.JUnitXMLReporter -->
<testsuite ignored="0" hostname="QA-17" failures="0" tests="3" name="Test(failed)" time="10.635" errors="0" timestamp="2024-06-07T19:01:41 IST">
  <testcase classname="com.qa.luma.test.CustomerHomePageTest" name="CustomerHomePageTitleTest" time="0.01"/>
  <testcase classname="com.qa.luma.test.CustomerHomePageTest" name="promotionalProductListTest" time="0.067"/>
  <testcase classname="com.qa.luma.test.CustomerHomePageTest" name="hotsellerProductListTest" time="0.038"/>
</testsuite> <!-- Test(failed) -->
