<?xml version="1.0" encoding="UTF-8"?>
<testng-results ignored="2" total="10" passed="8" failed="0" skipped="0">
  <reporter-output>
  </reporter-output>
  <suite started-at="2024-06-08T14:40:17 IST" name="Suite" finished-at="2024-06-08T14:40:36 IST" duration-ms="18996">
    <groups>
    </groups>
    <test started-at="2024-06-08T14:40:17 IST" name="Test" finished-at="2024-06-08T14:40:36 IST" duration-ms="18996">
      <class name="com.qa.luma.test.MainPageTest">
        <test-method is-config="true" signature="setUp()[pri:0, instance:com.qa.luma.test.MainPageTest@3c19aaa5]" started-at="2024-06-08T14:40:17 IST" name="setUp" finished-at="2024-06-08T14:40:26 IST" duration-ms="9142" status="PASS">
          <reporter-output>
          </reporter-output>
        </test-method> <!-- setUp -->
        <test-method signature="homePageTitleTest()[pri:1, instance:com.qa.luma.test.MainPageTest@3c19aaa5]" started-at="2024-06-08T14:40:26 IST" name="homePageTitleTest" finished-at="2024-06-08T14:40:26 IST" duration-ms="12" status="PASS">
          <reporter-output>
          </reporter-output>
        </test-method> <!-- homePageTitleTest -->
        <test-method signature="homePageLogoTest()[pri:2, instance:com.qa.luma.test.MainPageTest@3c19aaa5]" started-at="2024-06-08T14:40:26 IST" name="homePageLogoTest" finished-at="2024-06-08T14:40:26 IST" duration-ms="22" status="PASS">
          <reporter-output>
          </reporter-output>
        </test-method> <!-- homePageLogoTest -->
        <test-method signature="homePageSignInLinkPresentTest()[pri:3, instance:com.qa.luma.test.MainPageTest@3c19aaa5]" started-at="2024-06-08T14:40:26 IST" name="homePageSignInLinkPresentTest" finished-at="2024-06-08T14:40:26 IST" duration-ms="16" status="PASS">
          <reporter-output>
          </reporter-output>
        </test-method> <!-- homePageSignInLinkPresentTest -->
        <test-method signature="homePageCreateAccountLinkPresentTest()[pri:4, instance:com.qa.luma.test.MainPageTest@3c19aaa5]" started-at="2024-06-08T14:40:26 IST" name="homePageCreateAccountLinkPresentTest" finished-at="2024-06-08T14:40:26 IST" duration-ms="23" status="PASS">
          <reporter-output>
          </reporter-output>
        </test-method> <!-- homePageCreateAccountLinkPresentTest -->
        <test-method is-config="true" signature="tearDown()[pri:0, instance:com.qa.luma.test.MainPageTest@3c19aaa5]" started-at="2024-06-08T14:40:36 IST" name="tearDown" finished-at="2024-06-08T14:40:36 IST" duration-ms="134" status="PASS">
          <reporter-output>
          </reporter-output>
        </test-method> <!-- tearDown -->
      </class> <!-- com.qa.luma.test.MainPageTest -->
      <class name="com.qa.luma.test.CustomerLoginPageTest">
        <test-method is-config="true" signature="CustomerLoginPageSetUp()[pri:0, instance:com.qa.luma.test.CustomerLoginPageTest@689604d9]" started-at="2024-06-08T14:40:26 IST" name="CustomerLoginPageSetUp" finished-at="2024-06-08T14:40:28 IST" duration-ms="1384" status="PASS">
          <reporter-output>
          </reporter-output>
        </test-method> <!-- CustomerLoginPageSetUp -->
        <test-method signature="CustomerLoginPageTitleTest()[pri:1, instance:com.qa.luma.test.CustomerLoginPageTest@689604d9]" started-at="2024-06-08T14:40:28 IST" name="CustomerLoginPageTitleTest" finished-at="2024-06-08T14:40:28 IST" duration-ms="6" status="PASS">
          <reporter-output>
          </reporter-output>
        </test-method> <!-- CustomerLoginPageTitleTest -->
        <test-method signature="CustomerLoginPageSubTitleTest()[pri:2, instance:com.qa.luma.test.CustomerLoginPageTest@689604d9]" started-at="2024-06-08T14:40:28 IST" name="CustomerLoginPageSubTitleTest" finished-at="2024-06-08T14:40:28 IST" duration-ms="23" status="PASS">
          <reporter-output>
          </reporter-output>
        </test-method> <!-- CustomerLoginPageSubTitleTest -->
        <test-method signature="ExistanceOfForgotPasswordLink()[pri:3, instance:com.qa.luma.test.CustomerLoginPageTest@689604d9]" started-at="2024-06-08T14:40:28 IST" name="ExistanceOfForgotPasswordLink" finished-at="2024-06-08T14:40:28 IST" duration-ms="20" status="PASS">
          <reporter-output>
          </reporter-output>
        </test-method> <!-- ExistanceOfForgotPasswordLink -->
        <test-method signature="CustomerLoginTest()[pri:4, instance:com.qa.luma.test.CustomerLoginPageTest@689604d9]" started-at="2024-06-08T14:40:28 IST" name="CustomerLoginTest" finished-at="2024-06-08T14:40:36 IST" duration-ms="8182" status="PASS">
          <reporter-output>
          </reporter-output>
        </test-method> <!-- CustomerLoginTest -->
      </class> <!-- com.qa.luma.test.CustomerLoginPageTest -->
    </test> <!-- Test -->
  </suite> <!-- Suite -->
</testng-results>
